<?xml version="1.0" encoding="UTF-8"?>
<testsuite name="com.dev.hlvsbackend.HlvsBackendApplicationTests" tests="1" skipped="0" failures="0" errors="0" timestamp="2024-07-08T18:29:14" hostname="MacBook-Air-de-Diego.local" time="0.278">
  <properties/>
  <testcase name="contextLoads()" classname="com.dev.hlvsbackend.HlvsBackendApplicationTests" time="0.278"/>
  <system-out><![CDATA[12:29:05.213 [Test worker] INFO org.springframework.test.context.support.AnnotationConfigContextLoaderUtils -- Could not detect default configuration classes for test class [com.dev.hlvsbackend.HlvsBackendApplicationTests]: HlvsBackendApplicationTests does not declare any static, non-private, non-final, nested classes annotated with @Configuration.
12:29:05.252 [Test worker] INFO org.springframework.boot.test.context.SpringBootTestContextBootstrapper -- Found @SpringBootConfiguration com.dev.hlvsbackend.HlvsBackendApplication for test class com.dev.hlvsbackend.HlvsBackendApplicationTests

  .   ____          _            __ _ _
 /\\ / ___'_ __ _ _(_)_ __  __ _ \ \ \ \
( ( )\___ | '_ | '_| | '_ \/ _` | \ \ \ \
 \\/  ___)| |_)| | | | | || (_| |  ) ) ) )
  '  |____| .__|_| |_|_| |_\__, | / / / /
 =========|_|==============|___/=/_/_/_/
?[32m :: Spring Boot :: ?[39m              ?[2m (v3.2.5)?[0;39m

?[2m2024-07-08T12:29:05.443-06:00?[0;39m ?[32m INFO?[0;39m ?[35m3394?[0;39m ?[2m---?[0;39m ?[2m[HLVS-Backend] [    Test worker]?[0;39m ?[2m?[0;39m?[36mc.d.h.HlvsBackendApplicationTests       ?[0;39m ?[2m:?[0;39m Starting HlvsBackendApplicationTests using Java 22 with PID 3394 (started by diegolara in /Users/diegolara/Desktop/UCA/NCapas/PTC/HLVS-RSS-Backend-Stable/HLVS-Backend)
?[2m2024-07-08T12:29:05.443-06:00?[0;39m ?[32m INFO?[0;39m ?[35m3394?[0;39m ?[2m---?[0;39m ?[2m[HLVS-Backend] [    Test worker]?[0;39m ?[2m?[0;39m?[36mc.d.h.HlvsBackendApplicationTests       ?[0;39m ?[2m:?[0;39m No active profile set, falling back to 1 default profile: "default"
?[2m2024-07-08T12:29:05.747-06:00?[0;39m ?[32m INFO?[0;39m ?[35m3394?[0;39m ?[2m---?[0;39m ?[2m[HLVS-Backend] [    Test worker]?[0;39m ?[2m?[0;39m?[36m.s.d.r.c.RepositoryConfigurationDelegate?[0;39m ?[2m:?[0;39m Bootstrapping Spring Data JPA repositories in DEFAULT mode.
?[2m2024-07-08T12:29:05.812-06:00?[0;39m ?[32m INFO?[0;39m ?[35m3394?[0;39m ?[2m---?[0;39m ?[2m[HLVS-Backend] [    Test worker]?[0;39m ?[2m?[0;39m?[36m.s.d.r.c.RepositoryConfigurationDelegate?[0;39m ?[2m:?[0;39m Finished Spring Data repository scanning in 61 ms. Found 8 JPA repository interfaces.
?[2m2024-07-08T12:29:05.964-06:00?[0;39m ?[33m WARN?[0;39m ?[35m3394?[0;39m ?[2m---?[0;39m ?[2m[HLVS-Backend] [    Test worker]?[0;39m ?[2m?[0;39m?[36mtrationDelegate$BeanPostProcessorChecker?[0;39m ?[2m:?[0;39m Bean 'org.springframework.ws.config.annotation.DelegatingWsConfiguration' of type [org.springframework.ws.config.annotation.DelegatingWsConfiguration$$SpringCGLIB$$0] is not eligible for getting processed by all BeanPostProcessors (for example: not eligible for auto-proxying). The currently created BeanPostProcessor [annotationActionEndpointMapping] is declared through a non-static factory method on that class; consider declaring it as static instead.
?[2m2024-07-08T12:29:06.008-06:00?[0;39m ?[32m INFO?[0;39m ?[35m3394?[0;39m ?[2m---?[0;39m ?[2m[HLVS-Backend] [    Test worker]?[0;39m ?[2m?[0;39m?[36m.w.s.a.s.AnnotationActionEndpointMapping?[0;39m ?[2m:?[0;39m Supporting [WS-Addressing August 2004, WS-Addressing 1.0]
?[2m2024-07-08T12:29:06.090-06:00?[0;39m ?[32m INFO?[0;39m ?[35m3394?[0;39m ?[2m---?[0;39m ?[2m[HLVS-Backend] [    Test worker]?[0;39m ?[2m?[0;39m?[36mo.hibernate.jpa.internal.util.LogHelper ?[0;39m ?[2m:?[0;39m HHH000204: Processing PersistenceUnitInfo [name: default]
?[2m2024-07-08T12:29:06.110-06:00?[0;39m ?[32m INFO?[0;39m ?[35m3394?[0;39m ?[2m---?[0;39m ?[2m[HLVS-Backend] [    Test worker]?[0;39m ?[2m?[0;39m?[36morg.hibernate.Version                   ?[0;39m ?[2m:?[0;39m HHH000412: Hibernate ORM core version 6.4.4.Final
?[2m2024-07-08T12:29:06.122-06:00?[0;39m ?[32m INFO?[0;39m ?[35m3394?[0;39m ?[2m---?[0;39m ?[2m[HLVS-Backend] [    Test worker]?[0;39m ?[2m?[0;39m?[36mo.h.c.internal.RegionFactoryInitiator   ?[0;39m ?[2m:?[0;39m HHH000026: Second-level cache disabled
?[2m2024-07-08T12:29:06.207-06:00?[0;39m ?[32m INFO?[0;39m ?[35m3394?[0;39m ?[2m---?[0;39m ?[2m[HLVS-Backend] [    Test worker]?[0;39m ?[2m?[0;39m?[36mo.s.o.j.p.SpringPersistenceUnitInfo     ?[0;39m ?[2m:?[0;39m No LoadTimeWeaver setup: ignoring JPA class transformer
?[2m2024-07-08T12:29:06.218-06:00?[0;39m ?[32m INFO?[0;39m ?[35m3394?[0;39m ?[2m---?[0;39m ?[2m[HLVS-Backend] [    Test worker]?[0;39m ?[2m?[0;39m?[36mcom.zaxxer.hikari.HikariDataSource      ?[0;39m ?[2m:?[0;39m HikariPool-1 - Starting...
?[2m2024-07-08T12:29:07.866-06:00?[0;39m ?[32m INFO?[0;39m ?[35m3394?[0;39m ?[2m---?[0;39m ?[2m[HLVS-Backend] [    Test worker]?[0;39m ?[2m?[0;39m?[36mcom.zaxxer.hikari.pool.HikariPool       ?[0;39m ?[2m:?[0;39m HikariPool-1 - Added connection org.postgresql.jdbc.PgConnection@33eab2e8
?[2m2024-07-08T12:29:07.868-06:00?[0;39m ?[32m INFO?[0;39m ?[35m3394?[0;39m ?[2m---?[0;39m ?[2m[HLVS-Backend] [    Test worker]?[0;39m ?[2m?[0;39m?[36mcom.zaxxer.hikari.HikariDataSource      ?[0;39m ?[2m:?[0;39m HikariPool-1 - Start completed.
?[2m2024-07-08T12:29:08.870-06:00?[0;39m ?[32m INFO?[0;39m ?[35m3394?[0;39m ?[2m---?[0;39m ?[2m[HLVS-Backend] [    Test worker]?[0;39m ?[2m?[0;39m?[36mo.h.e.t.j.p.i.JtaPlatformInitiator      ?[0;39m ?[2m:?[0;39m HHH000489: No JTA platform available (set 'hibernate.transaction.jta.platform' to enable JTA platform integration)
?[2m2024-07-08T12:29:13.610-06:00?[0;39m ?[32m INFO?[0;39m ?[35m3394?[0;39m ?[2m---?[0;39m ?[2m[HLVS-Backend] [    Test worker]?[0;39m ?[2m?[0;39m?[36mj.LocalContainerEntityManagerFactoryBean?[0;39m ?[2m:?[0;39m Initialized JPA EntityManagerFactory for persistence unit 'default'
?[2m2024-07-08T12:29:13.878-06:00?[0;39m ?[33m WARN?[0;39m ?[35m3394?[0;39m ?[2m---?[0;39m ?[2m[HLVS-Backend] [    Test worker]?[0;39m ?[2m?[0;39m?[36mJpaBaseConfiguration$JpaWebConfiguration?[0;39m ?[2m:?[0;39m spring.jpa.open-in-view is enabled by default. Therefore, database queries may be performed during view rendering. Explicitly configure spring.jpa.open-in-view to disable this warning
?[2m2024-07-08T12:29:13.988-06:00?[0;39m ?[32m INFO?[0;39m ?[35m3394?[0;39m ?[2m---?[0;39m ?[2m[HLVS-Backend] [    Test worker]?[0;39m ?[2m?[0;39m?[36mo.s.s.web.DefaultSecurityFilterChain    ?[0;39m ?[2m:?[0;39m Will secure any request with [org.springframework.security.web.session.DisableEncodeUrlFilter@17da6e45, org.springframework.security.web.context.request.async.WebAsyncManagerIntegrationFilter@6af10aa7, org.springframework.security.web.context.SecurityContextHolderFilter@75452b01, org.springframework.security.web.header.HeaderWriterFilter@1b6982e4, org.springframework.web.filter.CorsFilter@15eaa2ce, org.springframework.security.web.authentication.logout.LogoutFilter@3ca43e5d, org.springframework.security.web.authentication.www.BasicAuthenticationFilter@6fc9c0cc, org.springframework.security.web.savedrequest.RequestCacheAwareFilter@6d5b160, org.springframework.security.web.servletapi.SecurityContextHolderAwareRequestFilter@fd07138, org.springframework.security.web.authentication.AnonymousAuthenticationFilter@1d0fae45, org.springframework.security.web.session.SessionManagementFilter@5180f430, org.springframework.security.web.access.ExceptionTranslationFilter@1eb3a6a3, org.springframework.security.web.access.intercept.AuthorizationFilter@46977829]
?[2m2024-07-08T12:29:14.127-06:00?[0;39m ?[32m INFO?[0;39m ?[35m3394?[0;39m ?[2m---?[0;39m ?[2m[HLVS-Backend] [    Test worker]?[0;39m ?[2m?[0;39m?[36mc.d.h.HlvsBackendApplicationTests       ?[0;39m ?[2m:?[0;39m Started HlvsBackendApplicationTests in 8.823 seconds (process running for 9.23)
]]></system-out>
  <system-err><![CDATA[WARNING: A Java agent has been loaded dynamically (/Users/diegolara/.gradle/caches/modules-2/files-2.1/net.bytebuddy/byte-buddy-agent/1.14.13/979ce25f7d3096a2e82214ba7dc972a05ce7a171/byte-buddy-agent-1.14.13.jar)
WARNING: If a serviceability tool is in use, please run with -XX:+EnableDynamicAgentLoading to hide this warning
WARNING: If a serviceability tool is not in use, please run with -Djdk.instrument.traceUsage for more information
WARNING: Dynamic loading of agents will be disallowed by default in a future release
]]></system-err>
</testsuite>
